#
# There is insufficient memory for the Java Runtime Environment to continue.
# Native memory allocation (malloc) failed to allocate 2251696 bytes for Chunk::new
# Possible reasons:
#   The system is out of physical RAM or swap space
#   The process is running with CompressedOops enabled, and the Java Heap may be blocking the growth of the native heap
# Possible solutions:
#   Reduce memory load on the system
#   Increase physical memory or swap space
#   Check if swap backing store is full
#   Decrease Java heap size (-Xmx/-Xms)
#   Decrease number of Java threads
#   Decrease Java thread stack sizes (-Xss)
#   Set larger code cache with -XX:ReservedCodeCacheSize=
#   JVM is running with Unscaled Compressed Oops mode in which the Java heap is
#     placed in the first 4GB address space. The Java Heap base address is the
#     maximum limit for the native heap growth. Please use -XX:HeapBaseMinAddress
#     to set the Java Heap base and to place the Java Heap above 4GB virtual address.
# This output file may be truncated or incomplete.
#
#  Out of Memory Error (allocation.cpp:389), pid=4048, tid=0x0000000000003e10
#
# JRE version: OpenJDK Runtime Environment (8.0_242-b01) (build 1.8.0_242-release-1644-b01)
# Java VM: OpenJDK 64-Bit Server VM (25.242-b01 mixed mode windows-amd64 compressed oops)
# Failed to write core dump. Minidumps are not enabled by default on client versions of Windows
#

---------------  T H R E A D  ---------------

Current thread (0x00000000165fa800):  JavaThread "C2 CompilerThread1" daemon [_thread_in_native, id=15888, stack(0x0000000017d40000,0x0000000017e40000)]

Stack: [0x0000000017d40000,0x0000000017e40000]
[error occurred during error reporting (printing stack bounds), id 0xc0000005]

Native frames: (J=compiled Java code, j=interpreted, Vv=VM code, C=native code)


Current CompileTask:
C2:13735167 31767 %     4       com.android.tools.r8.ir.regalloc.a::a @ 2115 (3993 bytes)


---------------  P R O C E S S  ---------------

Java Threads: ( => current thread )
  0x00000000218dc800 JavaThread "Cache worker for Java compile cache (E:\GoogleMapStart\.gradle\6.1.1\javaCompile)" [_thread_blocked, id=13988, stack(0x000000002d440000,0x000000002d540000)]
  0x00000000218d5000 JavaThread "MarlinRenderer Disposer" daemon [_thread_blocked, id=1200, stack(0x000000002d140000,0x000000002d240000)]
  0x00000000218d5800 JavaThread "Java2D Disposer" daemon [_thread_blocked, id=11520, stack(0x000000002cd60000,0x000000002ce60000)]
  0x00000000218d6800 JavaThread "WorkerExecutor Queue Thread 4" [_thread_blocked, id=8820, stack(0x000000002ca60000,0x000000002cb60000)]
  0x00000000218d8000 JavaThread "WorkerExecutor Queue Thread 3" [_thread_blocked, id=16160, stack(0x000000002c960000,0x000000002ca60000)]
  0x00000000218d3800 JavaThread "WorkerExecutor Queue Thread 2" [_thread_blocked, id=9228, stack(0x000000002c860000,0x000000002c960000)]
  0x000000001db6e800 JavaThread "stdout" [_thread_in_native, id=12308, stack(0x000000002c560000,0x000000002c660000)]
  0x000000001db6e000 JavaThread "stderr" [_thread_in_native, id=10700, stack(0x000000002c460000,0x000000002c560000)]
  0x000000001db6d000 JavaThread "stdout" [_thread_in_native, id=15936, stack(0x000000002c360000,0x000000002c460000)]
  0x000000001db6c800 JavaThread "stderr" [_thread_in_native, id=10112, stack(0x000000002c260000,0x000000002c360000)]
  0x000000001dd03800 JavaThread "stdout" [_thread_in_native, id=8892, stack(0x000000002c160000,0x000000002c260000)]
  0x000000001dcfc000 JavaThread "stderr" [_thread_in_native, id=9900, stack(0x000000002c060000,0x000000002c160000)]
  0x000000001dd02800 JavaThread "stdout" [_thread_in_native, id=14028, stack(0x000000002bf60000,0x000000002c060000)]
  0x000000001dd01000 JavaThread "stderr" [_thread_in_native, id=15740, stack(0x000000002bd60000,0x000000002be60000)]
  0x000000001dd02000 JavaThread "pool-34-thread-1" [_thread_blocked, id=14720, stack(0x000000002be60000,0x000000002bf60000)]
  0x000000001dcf9800 JavaThread "WorkerExecutor Queue" [_thread_blocked, id=3636, stack(0x000000002bc60000,0x000000002bd60000)]
  0x000000001dcfc800 JavaThread "Cache worker for execution history cache (E:\GoogleMapStart\.gradle\6.1.1\executionHistory)" [_thread_blocked, id=10384, stack(0x000000002bb60000,0x000000002bc60000)]
  0x000000001dcf8000 JavaThread "Execution worker for ':' Thread 3" [_thread_in_Java, id=10888, stack(0x000000002ba60000,0x000000002bb60000)]
  0x000000001e6c9800 JavaThread "Execution worker for ':' Thread 2" [_thread_blocked, id=7496, stack(0x0000000029970000,0x0000000029a70000)]
  0x000000001e6c8800 JavaThread "Execution worker for ':'" [_thread_blocked, id=10440, stack(0x0000000029870000,0x0000000029970000)]
  0x000000001e6c5800 JavaThread "Cache worker for file content cache (E:\GoogleMapStart\.gradle\6.1.1\fileContent)" [_thread_blocked, id=9584, stack(0x0000000029770000,0x0000000029870000)]
  0x000000001e6c7800 JavaThread "Cache worker for Build Output Cleanup Cache (E:\GoogleMapStart\.gradle\buildOutputCleanup)" [_thread_blocked, id=8960, stack(0x0000000029670000,0x0000000029770000)]
  0x000000001e6c4800 JavaThread "pool-31-thread-1" [_thread_blocked, id=15628, stack(0x0000000029170000,0x0000000029270000)]
  0x000000001e6bd000 JavaThread "Build operations Thread 4" [_thread_blocked, id=6408, stack(0x0000000026f50000,0x0000000027050000)]
  0x000000001e6bf800 JavaThread "Build operations Thread 3" [_thread_blocked, id=14964, stack(0x0000000025a50000,0x0000000025b50000)]
  0x000000001e6bc800 JavaThread "Build operations Thread 2" [_thread_blocked, id=8196, stack(0x0000000025650000,0x0000000025750000)]
  0x000000001e6be800 JavaThread "Build operations" [_thread_blocked, id=3224, stack(0x0000000023f50000,0x0000000024050000)]
  0x000000001e6c0000 JavaThread "Cache worker for cache directory md-rule (C:\Users\GK\.gradle\caches\6.1.1\md-rule)" [_thread_blocked, id=13000, stack(0x0000000023570000,0x0000000023670000)]
  0x000000001e6be000 JavaThread "Cache worker for cache directory md-supplier (C:\Users\GK\.gradle\caches\6.1.1\md-supplier)" [_thread_blocked, id=14260, stack(0x0000000022850000,0x0000000022950000)]
  0x000000001e6c2800 JavaThread "Cache worker for file hash cache (E:\GoogleMapStart\.gradle\6.1.1\fileHashes)" [_thread_blocked, id=12012, stack(0x0000000022550000,0x0000000022650000)]
  0x000000001e6c1800 JavaThread "Cache worker for checksums cache (E:\GoogleMapStart\.gradle\checksums)" [_thread_blocked, id=6884, stack(0x0000000020fb0000,0x00000000210b0000)]
  0x000000001e6c3000 JavaThread "Thread-328" [_thread_blocked, id=10524, stack(0x000000001fe80000,0x000000001ff80000)]
  0x000000001e6bb800 JavaThread "Asynchronous log dispatcher for DefaultDaemonConnection: socket connection from /127.0.0.1:64990 to /127.0.0.1:54920" [_thread_blocked, id=11272, stack(0x000000001d630000,0x000000001d730000)]
  0x000000001e6bb000 JavaThread "Cancel handler" [_thread_blocked, id=15004, stack(0x000000001be60000,0x000000001bf60000)]
  0x000000001e6c1000 JavaThread "Handler for socket connection from /127.0.0.1:64990 to /127.0.0.1:54920" [_thread_in_native, id=16324, stack(0x000000001bb60000,0x000000001bc60000)]
  0x0000000018d02000 JavaThread "Daemon worker Thread 11" [_thread_blocked, id=16360, stack(0x000000001bc60000,0x000000001bd60000)]
  0x0000000018cff800 JavaThread "Daemon Thread 11" [_thread_blocked, id=7572, stack(0x000000001b760000,0x000000001b860000)]
  0x000000001db6b000 JavaThread "Cache worker for Java compile cache (C:\Users\GK\.gradle\caches\6.1.1\javaCompile)" [_thread_blocked, id=14952, stack(0x000000001bd60000,0x000000001be60000)]
  0x000000001dcfd800 JavaThread "Cache worker for file content cache (C:\Users\GK\.gradle\caches\6.1.1\fileContent)" [_thread_blocked, id=1712, stack(0x0000000023470000,0x0000000023570000)]
  0x000000001dcf5800 JavaThread "Memory manager" [_thread_blocked, id=15176, stack(0x0000000023150000,0x0000000023250000)]
  0x0000000018d05800 JavaThread "Cache worker for execution history cache (C:\Users\GK\.gradle\caches\6.1.1\executionHistory)" [_thread_in_native, id=10804, stack(0x000000001ef80000,0x000000001f080000)]
  0x0000000018d00800 JavaThread "Cache worker for file hash cache (C:\Users\GK\.gradle\caches\6.1.1\fileHashes)" [_thread_blocked, id=15424, stack(0x000000001c360000,0x000000001c460000)]
  0x0000000018cff000 JavaThread "File lock request listener" [_thread_in_native, id=16700, stack(0x000000001c260000,0x000000001c360000)]
  0x0000000018088800 JavaThread "Cache worker for journal cache (C:\Users\GK\.gradle\caches\journal-1)" [_thread_blocked, id=14796, stack(0x000000001c160000,0x000000001c260000)]
  0x000000001934d800 JavaThread "Daemon periodic checks" [_thread_blocked, id=3596, stack(0x000000001b560000,0x000000001b660000)]
  0x000000001a0aa800 JavaThread "Incoming local TCP Connector on port 64990" [_thread_in_native, id=17076, stack(0x000000001b320000,0x000000001b420000)]
  0x000000001a052800 JavaThread "Daemon health stats" [_thread_blocked, id=13196, stack(0x000000001ace0000,0x000000001ade0000)]
  0x000000001664d000 JavaThread "Service Thread" daemon [_thread_blocked, id=6540, stack(0x0000000018340000,0x0000000018440000)]
  0x0000000016602000 JavaThread "C1 CompilerThread2" daemon [_thread_blocked, id=5296, stack(0x0000000017e40000,0x0000000017f40000)]
=>0x00000000165fa800 JavaThread "C2 CompilerThread1" daemon [_thread_in_native, id=15888, stack(0x0000000017d40000,0x0000000017e40000)]
  0x00000000165f2000 JavaThread "C2 CompilerThread0" daemon [_thread_in_native, id=284, stack(0x0000000017c40000,0x0000000017d40000)]
  0x00000000165f6000 JavaThread "Attach Listener" daemon [_thread_blocked, id=10896, stack(0x0000000017b40000,0x0000000017c40000)]
  0x00000000165f4800 JavaThread "Signal Dispatcher" daemon [_thread_blocked, id=13444, stack(0x0000000017a40000,0x0000000017b40000)]
  0x0000000002c7b000 JavaThread "Finalizer" daemon [_thread_blocked, id=5164, stack(0x0000000017840000,0x0000000017940000)]
  0x00000000165d9000 JavaThread "Reference Handler" daemon [_thread_blocked, id=7952, stack(0x0000000017740000,0x0000000017840000)]
  0x0000000002b7d800 JavaThread "main" [_thread_blocked, id=9332, stack(0x0000000002980000,0x0000000002a80000)]

Other Threads:
  0x00000000165b6000 VMThread [stack: 0x0000000017640000,0x0000000017740000] [id=5840]
  0x000000001664e000 WatcherThread [stack: 0x0000000018440000,0x0000000018540000] [id=2112]

VM state:not at safepoint (normal execution)

VM Mutex/Monitor currently owned by a thread: None

heap address: 0x00000000a0000000, size: 1536 MB, Compressed Oops mode: 32-bit
Narrow klass base: 0x0000000000000000, Narrow klass shift: 3
Compressed class space size: 1073741824 Address: 0x0000000100000000

Heap:
 PSYoungGen      total 436224K, used 115610K [0x00000000e0000000, 0x00000000ff600000, 0x0000000100000000)
  eden space 358400K, 31% used [0x00000000e0000000,0x00000000e6e7aa58,0x00000000f5e00000)
  from space 77824K, 3% used [0x00000000f5e00000,0x00000000f606c020,0x00000000faa00000)
  to   space 71680K, 0% used [0x00000000fb000000,0x00000000fb000000,0x00000000ff600000)
 ParOldGen       total 347648K, used 147587K [0x00000000a0000000, 0x00000000b5380000, 0x00000000e0000000)
  object space 347648K, 42% used [0x00000000a0000000,0x00000000a9020d00,0x00000000b5380000)
 Metaspace       used 140743K, capacity 149456K, committed 149544K, reserved 1179648K
  class space    used 18145K, capacity 19722K, committed 19760K, reserved 1048576K

Card table byte_map: [0x0000000012040000,0x0000000012350000] byte_map_base: 0x0000000011b40000

Marking Bits: (ParMarkBitMap*) 0x00000000623bf030
 Begin Bits: [0x0000000012950000, 0x0000000014150000)
 End Bits:   [0x0000000014150000, 0x0000000015950000)

Polling page: 0x00000000009e0000

CodeCache: size=245760Kb used=88391Kb max_used=88391Kb free=157368Kb
 bounds [0x0000000002c80000, 0x0000000008350000, 0x0000000011c80000]
 total_blobs=25393 nmethods=24348 adapters=955
 compilation: enabled

Compilation events (10 events):
Event: 13733.283 Thread 0x0000000016602000 31899       2       org.gradle.internal.execution.steps.CacheStep::execute (9 bytes)
Event: 13733.284 Thread 0x0000000016602000 nmethod 31899 0x000000000831c890 code [0x000000000831ca00, 0x000000000831cbc8]
Event: 13733.285 Thread 0x0000000016602000 31900       2       org.gradle.internal.execution.history.impl.DefaultPreviousExecutionStateSerializer::write (152 bytes)
Event: 13733.288 Thread 0x0000000016602000 nmethod 31900 0x000000000831b950 code [0x000000000831bb80, 0x000000000831c268]
Event: 13733.335 Thread 0x0000000016602000 31901       2       java.util.concurrent.ConcurrentHashMap::keySet (5 bytes)
Event: 13733.335 Thread 0x0000000016602000 nmethod 31901 0x000000000831b550 code [0x000000000831b6a0, 0x000000000831b890]
Event: 13733.338 Thread 0x0000000016602000 31902       2       com.android.tools.r8.v.a.a.a.h.F0::<init> (116 bytes)
Event: 13733.340 Thread 0x0000000016602000 nmethod 31902 0x000000000831ab50 code [0x000000000831ad40, 0x000000000831b2f8]
Event: 13733.467 Thread 0x0000000016602000 31904 %     3       com.android.tools.r8.ir.optimize.l::b @ 10 (42 bytes)
Event: 13733.469 Thread 0x0000000016602000 nmethod 31904% 0x00000000083195d0 code [0x0000000008319820, 0x000000000831a528]

GC Heap History (10 events):
Event: 13716.190 GC heap before
{Heap before GC invocations=46 (full 6):
 PSYoungGen      total 412160K, used 334603K [0x00000000e0000000, 0x0000000100000000, 0x0000000100000000)
  eden space 314880K, 100% used [0x00000000e0000000,0x00000000f3380000,0x00000000f3380000)
  from space 97280K, 20% used [0x00000000f3380000,0x00000000f46c2e20,0x00000000f9280000)
  to   space 93184K, 0% used [0x00000000fa500000,0x00000000fa500000,0x0000000100000000)
 ParOldGen       total 347648K, used 119376K [0x00000000a0000000, 0x00000000b5380000, 0x00000000e0000000)
  object space 347648K, 34% used [0x00000000a0000000,0x00000000a7494350,0x00000000b5380000)
 Metaspace       used 140428K, capacity 149134K, committed 149288K, reserved 1179648K
  class space    used 18142K, capacity 19719K, committed 19760K, reserved 1048576K
Event: 13716.271 GC heap after
Heap after GC invocations=46 (full 6):
 PSYoungGen      total 412672K, used 22766K [0x00000000e0000000, 0x00000000ff200000, 0x0000000100000000)
  eden space 333824K, 0% used [0x00000000e0000000,0x00000000e0000000,0x00000000f4600000)
  from space 78848K, 28% used [0x00000000fa500000,0x00000000fbb3b830,0x00000000ff200000)
  to   space 88064K, 0% used [0x00000000f4600000,0x00000000f4600000,0x00000000f9c00000)
 ParOldGen       total 347648K, used 119376K [0x00000000a0000000, 0x00000000b5380000, 0x00000000e0000000)
  object space 347648K, 34% used [0x00000000a0000000,0x00000000a7494350,0x00000000b5380000)
 Metaspace       used 140428K, capacity 149134K, committed 149288K, reserved 1179648K
  class space    used 18142K, capacity 19719K, committed 19760K, reserved 1048576K
}
Event: 13719.038 GC heap before
{Heap before GC invocations=47 (full 6):
 PSYoungGen      total 412672K, used 356590K [0x00000000e0000000, 0x00000000ff200000, 0x0000000100000000)
  eden space 333824K, 100% used [0x00000000e0000000,0x00000000f4600000,0x00000000f4600000)
  from space 78848K, 28% used [0x00000000fa500000,0x00000000fbb3b830,0x00000000ff200000)
  to   space 88064K, 0% used [0x00000000f4600000,0x00000000f4600000,0x00000000f9c00000)
 ParOldGen       total 347648K, used 119376K [0x00000000a0000000, 0x00000000b5380000, 0x00000000e0000000)
  object space 347648K, 34% used [0x00000000a0000000,0x00000000a7494350,0x00000000b5380000)
 Metaspace       used 140464K, capacity 149206K, committed 149288K, reserved 1179648K
  class space    used 18143K, capacity 19719K, committed 19760K, reserved 1048576K
Event: 13719.233 GC heap after
Heap after GC invocations=47 (full 6):
 PSYoungGen      total 421888K, used 9499K [0x00000000e0000000, 0x0000000100000000, 0x0000000100000000)
  eden space 333824K, 0% used [0x00000000e0000000,0x00000000e0000000,0x00000000f4600000)
  from space 88064K, 10% used [0x00000000f4600000,0x00000000f4f46e90,0x00000000f9c00000)
  to   space 85504K, 0% used [0x00000000fac80000,0x00000000fac80000,0x0000000100000000)
 ParOldGen       total 347648K, used 130172K [0x00000000a0000000, 0x00000000b5380000, 0x00000000e0000000)
  object space 347648K, 37% used [0x00000000a0000000,0x00000000a7f1f070,0x00000000b5380000)
 Metaspace       used 140464K, capacity 149206K, committed 149288K, reserved 1179648K
  class space    used 18143K, capacity 19719K, committed 19760K, reserved 1048576K
}
Event: 13721.699 GC heap before
{Heap before GC invocations=48 (full 6):
 PSYoungGen      total 421888K, used 343323K [0x00000000e0000000, 0x0000000100000000, 0x0000000100000000)
  eden space 333824K, 100% used [0x00000000e0000000,0x00000000f4600000,0x00000000f4600000)
  from space 88064K, 10% used [0x00000000f4600000,0x00000000f4f46e90,0x00000000f9c00000)
  to   space 85504K, 0% used [0x00000000fac80000,0x00000000fac80000,0x0000000100000000)
 ParOldGen       total 347648K, used 130172K [0x00000000a0000000, 0x00000000b5380000, 0x00000000e0000000)
  object space 347648K, 37% used [0x00000000a0000000,0x00000000a7f1f070,0x00000000b5380000)
 Metaspace       used 140544K, capacity 149282K, committed 149544K, reserved 1179648K
  class space    used 18143K, capacity 19719K, committed 19760K, reserved 1048576K
Event: 13721.766 GC heap after
Heap after GC invocations=48 (full 6):
 PSYoungGen      total 430592K, used 3251K [0x00000000e0000000, 0x00000000ffa80000, 0x0000000100000000)
  eden space 350720K, 0% used [0x00000000e0000000,0x00000000e0000000,0x00000000f5680000)
  from space 79872K, 4% used [0x00000000fac80000,0x00000000fafacd10,0x00000000ffa80000)
  to   space 83968K, 0% used [0x00000000f5680000,0x00000000f5680000,0x00000000fa880000)
 ParOldGen       total 347648K, used 135348K [0x00000000a0000000, 0x00000000b5380000, 0x00000000e0000000)
  object space 347648K, 38% used [0x00000000a0000000,0x00000000a842d370,0x00000000b5380000)
 Metaspace       used 140544K, capacity 149282K, committed 149544K, reserved 1179648K
  class space    used 18143K, capacity 19719K, committed 19760K, reserved 1048576K
}
Event: 13725.251 GC heap before
{Heap before GC invocations=49 (full 6):
 PSYoungGen      total 430592K, used 353971K [0x00000000e0000000, 0x00000000ffa80000, 0x0000000100000000)
  eden space 350720K, 100% used [0x00000000e0000000,0x00000000f5680000,0x00000000f5680000)
  from space 79872K, 4% used [0x00000000fac80000,0x00000000fafacd10,0x00000000ffa80000)
  to   space 83968K, 0% used [0x00000000f5680000,0x00000000f5680000,0x00000000fa880000)
 ParOldGen       total 347648K, used 135348K [0x00000000a0000000, 0x00000000b5380000, 0x00000000e0000000)
  object space 347648K, 38% used [0x00000000a0000000,0x00000000a842d370,0x00000000b5380000)
 Metaspace       used 140655K, capacity 149354K, committed 149544K, reserved 1179648K
  class space    used 18144K, capacity 19721K, committed 19760K, reserved 1048576K
Event: 13725.314 GC heap after
Heap after GC invocations=49 (full 6):
 PSYoungGen      total 434688K, used 3803K [0x00000000e0000000, 0x0000000100000000, 0x0000000100000000)
  eden space 350720K, 0% used [0x00000000e0000000,0x00000000e0000000,0x00000000f5680000)
  from space 83968K, 4% used [0x00000000f5680000,0x00000000f5a36dc8,0x00000000fa880000)
  to   space 81920K, 0% used [0x00000000fb000000,0x00000000fb000000,0x0000000100000000)
 ParOldGen       total 347648K, used 136840K [0x00000000a0000000, 0x00000000b5380000, 0x00000000e0000000)
  object space 347648K, 39% used [0x00000000a0000000,0x00000000a85a2250,0x00000000b5380000)
 Metaspace       used 140655K, capacity 149354K, committed 149544K, reserved 1179648K
  class space    used 18144K, capacity 19721K, committed 19760K, reserved 1048576K
}
Event: 13729.464 GC heap before
{Heap before GC invocations=50 (full 6):
 PSYoungGen      total 434688K, used 354523K [0x00000000e0000000, 0x0000000100000000, 0x0000000100000000)
  eden space 350720K, 100% used [0x00000000e0000000,0x00000000f5680000,0x00000000f5680000)
  from space 83968K, 4% used [0x00000000f5680000,0x00000000f5a36dc8,0x00000000fa880000)
  to   space 81920K, 0% used [0x00000000fb000000,0x00000000fb000000,0x0000000100000000)
 ParOldGen       total 347648K, used 136840K [0x00000000a0000000, 0x00000000b5380000, 0x00000000e0000000)
  object space 347648K, 39% used [0x00000000a0000000,0x00000000a85a2250,0x00000000b5380000)
 Metaspace       used 140695K, capacity 149436K, committed 149544K, reserved 1179648K
  class space    used 18145K, capacity 19722K, committed 19760K, reserved 1048576K
Event: 13729.521 GC heap after
Heap after GC invocations=50 (full 6):
 PSYoungGen      total 430080K, used 12264K [0x00000000e0000000, 0x00000000ff600000, 0x0000000100000000)
  eden space 358400K, 0% used [0x00000000e0000000,0x00000000e0000000,0x00000000f5e00000)
  from space 71680K, 17% used [0x00000000fb000000,0x00000000fbbfa0e0,0x00000000ff600000)
  to   space 77824K, 0% used [0x00000000f5e00000,0x00000000f5e00000,0x00000000faa00000)
 ParOldGen       total 347648K, used 138980K [0x00000000a0000000, 0x00000000b5380000, 0x00000000e0000000)
  object space 347648K, 39% used [0x00000000a0000000,0x00000000a87b9300,0x00000000b5380000)
 Metaspace       used 140695K, capacity 149436K, committed 149544K, reserved 1179648K
  class space    used 18145K, capacity 19722K, committed 19760K, reserved 1048576K
}

Deoptimization events (10 events):
Event: 13723.582 Thread 0x000000001e6c8800 Uncommon trap: reason=unstable_if action=reinterpret pc=0x0000000005c7c680 method=com.android.tools.r8.ir.conversion.N.a(ILcom/android/tools/r8/u/b/p1;Lcom/android/tools/r8/u/b/n;Lcom/android/tools/r8/u/b/n$c;Lcom/android/tools/r8/u/b/Q0$a;)Lcom/android/t
Event: 13723.601 Thread 0x000000001e6c8800 Uncommon trap: reason=unstable_if action=reinterpret pc=0x00000000065eaffc method=com.android.tools.r8.u.a.i.e.b(Lcom/android/tools/r8/u/b/h0;)V @ 11
Event: 13724.471 Thread 0x0000000018d02000 Uncommon trap: reason=unstable_if action=reinterpret pc=0x00000000080ff31c method=com.android.tools.r8.ir.optimize.Z.a(Lcom/android/tools/r8/u/b/W;Lcom/android/tools/r8/ir/regalloc/e;I)V @ 507
Event: 13725.530 Thread 0x0000000018d02000 Uncommon trap: reason=array_check action=maybe_recompile pc=0x00000000030bc7a0 method=java.util.TimSort.mergeHi(IIII)V @ 657
Event: 13725.530 Thread 0x0000000018d02000 Uncommon trap: reason=array_check action=maybe_recompile pc=0x00000000030bc7a0 method=java.util.TimSort.mergeHi(IIII)V @ 657
Event: 13727.865 Thread 0x000000001dcf8000 Uncommon trap: reason=unstable_if action=reinterpret pc=0x0000000007485650 method=com.android.tools.r8.B.a.a.f.a(II[C)Ljava/lang/String; @ 59
Event: 13727.865 Thread 0x000000001dcf8000 Uncommon trap: reason=unstable_if action=reinterpret pc=0x00000000065e8e3c method=com.android.tools.r8.graph.e0.a(C)I @ 16
Event: 13727.931 Thread 0x000000001dcf8000 Uncommon trap: reason=unstable_if action=reinterpret pc=0x0000000007c55644 method=com.android.tools.r8.graph.u0$c.a()V @ 269
Event: 13728.537 Thread 0x000000001dcf8000 Uncommon trap: reason=unstable_if action=reinterpret pc=0x0000000007f82538 method=com.android.tools.r8.graph.e0.a([C)I @ 68
Event: 13730.951 Thread 0x000000001dcf8000 Uncommon trap: reason=class_check action=maybe_recompile pc=0x0000000007f8b800 method=com.android.tools.r8.ir.conversion.o.a(Lcom/android/tools/r8/ir/conversion/N;IZ)V @ 526

Classes redefined (0 events):
No events

Internal exceptions (10 events):
Event: 13728.925 Thread 0x000000001e6c8800 Exception <a 'sun/nio/fs/WindowsException'> (0x00000000ee379798) thrown at [C:\src\AOSP-openjdk-git\hotspot\src\share\vm\prims\jni.cpp, line 710]
Event: 13729.649 Thread 0x0000000018d02000 Exception <a 'sun/nio/fs/WindowsException'> (0x00000000e0c4b678) thrown at [C:\src\AOSP-openjdk-git\hotspot\src\share\vm\prims\jni.cpp, line 710]
Event: 13730.237 Thread 0x0000000018d02000 Exception <a 'sun/nio/fs/WindowsException'> (0x00000000e0c9ee90) thrown at [C:\src\AOSP-openjdk-git\hotspot\src\share\vm\prims\jni.cpp, line 710]
Event: 13730.515 Thread 0x0000000018d02000 Exception <a 'sun/nio/fs/WindowsException'> (0x00000000e602abe0) thrown at [C:\src\AOSP-openjdk-git\hotspot\src\share\vm\prims\jni.cpp, line 710]
Event: 13730.574 Thread 0x000000001e6c9800 Exception <a 'sun/nio/fs/WindowsException'> (0x00000000e642c6e0) thrown at [C:\src\AOSP-openjdk-git\hotspot\src\share\vm\prims\jni.cpp, line 710]
Event: 13730.866 Thread 0x000000001e6c8800 Exception <a 'sun/nio/fs/WindowsException'> (0x00000000e79e51f8) thrown at [C:\src\AOSP-openjdk-git\hotspot\src\share\vm\prims\jni.cpp, line 710]
Event: 13731.171 Thread 0x0000000018d02000 Exception <a 'sun/nio/fs/WindowsException'> (0x00000000e6087a48) thrown at [C:\src\AOSP-openjdk-git\hotspot\src\share\vm\prims\jni.cpp, line 710]
Event: 13731.319 Thread 0x0000000018d02000 Exception <a 'sun/nio/fs/WindowsException'> (0x00000000e8799c08) thrown at [C:\src\AOSP-openjdk-git\hotspot\src\share\vm\prims\jni.cpp, line 710]
Event: 13733.291 Thread 0x000000001e6c9800 Exception <a 'sun/nio/fs/WindowsException'> (0x00000000e6484710) thrown at [C:\src\AOSP-openjdk-git\hotspot\src\share\vm\prims\jni.cpp, line 710]
Event: 13733.341 Thread 0x000000001e6c9800 Exception <a 'sun/nio/fs/WindowsException'> (0x00000000ed4d3330) thrown at [C:\src\AOSP-openjdk-git\hotspot\src\share\vm\prims\jni.cpp, line 710]

Events (10 events):
Event: 13733.042 Thread 0x000000001dcf8000 DEOPT PACKING pc=0x00000000080d32f4 sp=0x000000002bb5b9d0
Event: 13733.042 Thread 0x000000001dcf8000 DEOPT UNPACKING pc=0x0000000002cc75d0 sp=0x000000002bb5ba90 mode 0
Event: 13733.130 Thread 0x000000001dcf8000 DEOPT PACKING pc=0x0000000007b58f53 sp=0x000000002bb5ba30
Event: 13733.130 Thread 0x000000001dcf8000 DEOPT UNPACKING pc=0x0000000002cc75d0 sp=0x000000002bb5ba68 mode 0
Event: 13733.182 Thread 0x000000001dcf8000 DEOPT PACKING pc=0x00000000080d32f4 sp=0x000000002bb5b9d0
Event: 13733.182 Thread 0x000000001dcf8000 DEOPT UNPACKING pc=0x0000000002cc75d0 sp=0x000000002bb5ba90 mode 0
Event: 13733.363 Thread 0x000000001dcf8000 DEOPT PACKING pc=0x0000000007c84ea3 sp=0x000000002bb5be10
Event: 13733.363 Thread 0x000000001dcf8000 DEOPT UNPACKING pc=0x0000000002cc75d0 sp=0x000000002bb5bd38 mode 0
Event: 13733.431 Thread 0x000000001dcf8000 DEOPT PACKING pc=0x00000000080d32f4 sp=0x000000002bb5b9d0
Event: 13733.431 Thread 0x000000001dcf8000 DEOPT UNPACKING pc=0x0000000002cc75d0 sp=0x000000002bb5ba90 mode 0


Dynamic libraries:
0x00007ff6dcac0000 - 0x00007ff6dcaf1000 	C:\Program Files\Android\Android Studio\jre\bin\java.exe
0x00007ffe935a0000 - 0x00007ffe93790000 	C:\WINDOWS\SYSTEM32\ntdll.dll
0x00007ffe92850000 - 0x00007ffe92902000 	C:\WINDOWS\System32\KERNEL32.DLL
0x00007ffe912f0000 - 0x00007ffe91594000 	C:\WINDOWS\System32\KERNELBASE.dll
0x00007ffe917a0000 - 0x00007ffe91843000 	C:\WINDOWS\System32\ADVAPI32.dll
0x00007ffe920f0000 - 0x00007ffe9218e000 	C:\WINDOWS\System32\msvcrt.dll
0x00007ffe92270000 - 0x00007ffe92307000 	C:\WINDOWS\System32\sechost.dll
0x00007ffe91650000 - 0x00007ffe91770000 	C:\WINDOWS\System32\RPCRT4.dll
0x00007ffe93350000 - 0x00007ffe934e4000 	C:\WINDOWS\System32\USER32.dll
0x00007ffe905d0000 - 0x00007ffe905f1000 	C:\WINDOWS\System32\win32u.dll
0x00007ffe91770000 - 0x00007ffe91796000 	C:\WINDOWS\System32\GDI32.dll
0x00007ffe90950000 - 0x00007ffe90ae5000 	C:\WINDOWS\System32\gdi32full.dll
0x00007ffe90530000 - 0x00007ffe905ce000 	C:\WINDOWS\System32\msvcp_win.dll
0x00007ffe90700000 - 0x00007ffe907fa000 	C:\WINDOWS\System32\ucrtbase.dll
0x00007ffe82790000 - 0x00007ffe82a14000 	C:\WINDOWS\WinSxS\amd64_microsoft.windows.common-controls_6595b64144ccf1df_6.0.18362.900_none_e6beb9d913147d17\COMCTL32.dll
0x00007ffe92470000 - 0x00007ffe927a5000 	C:\WINDOWS\System32\combase.dll
0x00007ffe90630000 - 0x00007ffe906b0000 	C:\WINDOWS\System32\bcryptPrimitives.dll
0x00007ffe932b0000 - 0x00007ffe932de000 	C:\WINDOWS\System32\IMM32.DLL
0x0000000061b10000 - 0x0000000061be2000 	C:\Program Files\Android\Android Studio\jre\jre\bin\msvcr100.dll
0x0000000061bf0000 - 0x000000006243b000 	C:\Program Files\Android\Android Studio\jre\jre\bin\server\jvm.dll
0x00007ffe927e0000 - 0x00007ffe927e8000 	C:\WINDOWS\System32\PSAPI.DLL
0x00007ffe8ef60000 - 0x00007ffe8ef69000 	C:\WINDOWS\SYSTEM32\WSOCK32.dll
0x00007ffe86ff0000 - 0x00007ffe87014000 	C:\WINDOWS\SYSTEM32\WINMM.dll
0x00007ffe932e0000 - 0x00007ffe9334f000 	C:\WINDOWS\System32\WS2_32.dll
0x00007ffe88250000 - 0x00007ffe8825a000 	C:\WINDOWS\SYSTEM32\VERSION.dll
0x00007ffe867c0000 - 0x00007ffe867ed000 	C:\WINDOWS\SYSTEM32\WINMMBASE.dll
0x00007ffe906b0000 - 0x00007ffe906fa000 	C:\WINDOWS\System32\cfgmgr32.dll
0x00007ffe8c540000 - 0x00007ffe8c54f000 	C:\Program Files\Android\Android Studio\jre\jre\bin\verify.dll
0x00007ffe871f0000 - 0x00007ffe87219000 	C:\Program Files\Android\Android Studio\jre\jre\bin\java.dll
0x00007ffe870f0000 - 0x00007ffe87106000 	C:\Program Files\Android\Android Studio\jre\jre\bin\zip.dll
0x00007ffe92b10000 - 0x00007ffe931f6000 	C:\WINDOWS\System32\SHELL32.dll
0x00007ffe93200000 - 0x00007ffe932a9000 	C:\WINDOWS\System32\shcore.dll
0x00007ffe90b70000 - 0x00007ffe912f0000 	C:\WINDOWS\System32\windows.storage.dll
0x00007ffe904c0000 - 0x00007ffe904e3000 	C:\WINDOWS\System32\profapi.dll
0x00007ffe90470000 - 0x00007ffe904ba000 	C:\WINDOWS\System32\powrprof.dll
0x00007ffe90460000 - 0x00007ffe90470000 	C:\WINDOWS\System32\UMPDC.dll
0x00007ffe92a50000 - 0x00007ffe92aa2000 	C:\WINDOWS\System32\shlwapi.dll
0x00007ffe90510000 - 0x00007ffe90521000 	C:\WINDOWS\System32\kernel.appcore.dll
0x00007ffe90b50000 - 0x00007ffe90b67000 	C:\WINDOWS\System32\cryptsp.dll
0x00007ffe81800000 - 0x00007ffe8181a000 	C:\Program Files\Android\Android Studio\jre\jre\bin\net.dll
0x00007ffe8fc20000 - 0x00007ffe8fc87000 	C:\WINDOWS\system32\mswsock.dll
0x00007ffe80d80000 - 0x00007ffe80d93000 	C:\Program Files\Android\Android Studio\jre\jre\bin\nio.dll
0x00007ffe7f7d0000 - 0x00007ffe7f7f6000 	C:\Users\GK\.gradle\native\31\windows-amd64\native-platform.dll
0x00007ffe8c330000 - 0x00007ffe8c33d000 	C:\Program Files\Android\Android Studio\jre\jre\bin\management.dll
0x00007ffe8f7a0000 - 0x00007ffe8f7d3000 	C:\WINDOWS\system32\rsaenh.dll
0x00007ffe90600000 - 0x00007ffe90626000 	C:\WINDOWS\System32\bcrypt.dll
0x00007ffe90380000 - 0x00007ffe903a5000 	C:\WINDOWS\SYSTEM32\USERENV.dll
0x00007ffe8fda0000 - 0x00007ffe8fdac000 	C:\WINDOWS\SYSTEM32\CRYPTBASE.dll
0x00007ffe8f940000 - 0x00007ffe8f97a000 	C:\WINDOWS\SYSTEM32\IPHLPAPI.DLL
0x00007ffe92260000 - 0x00007ffe92268000 	C:\WINDOWS\System32\NSI.dll
0x00007ffe89ef0000 - 0x00007ffe89f06000 	C:\WINDOWS\SYSTEM32\dhcpcsvc6.DLL
0x00007ffe89ed0000 - 0x00007ffe89eec000 	C:\WINDOWS\SYSTEM32\dhcpcsvc.DLL
0x00007ffe8f9d0000 - 0x00007ffe8fa9b000 	C:\WINDOWS\SYSTEM32\DNSAPI.dll
0x00007ffe8f460000 - 0x00007ffe8f491000 	C:\WINDOWS\SYSTEM32\ntmarta.dll
0x00007ffe79b40000 - 0x00007ffe79b64000 	C:\Program Files\Android\Android Studio\jre\jre\bin\sunec.dll
0x00007ffe87910000 - 0x00007ffe8791a000 	C:\Windows\System32\rasadhlp.dll
0x00007ffe89df0000 - 0x00007ffe89e67000 	C:\WINDOWS\System32\fwpuclnt.dll
0x00007ffe8c560000 - 0x00007ffe8c56b000 	C:\Program Files\Android\Android Studio\jre\jre\bin\sunmscapi.dll
0x00007ffe90800000 - 0x00007ffe90949000 	C:\WINDOWS\System32\CRYPT32.dll
0x00007ffe904f0000 - 0x00007ffe90502000 	C:\WINDOWS\System32\MSASN1.dll
0x00007ffe8e2e0000 - 0x00007ffe8e36f000 	C:\WINDOWS\system32\apphelp.dll
0x00007ffe5ef00000 - 0x00007ffe5f09c000 	C:\Program Files\Android\Android Studio\jre\jre\bin\awt.dll
0x00007ffe91df0000 - 0x00007ffe91eb5000 	C:\WINDOWS\System32\OLEAUT32.dll
0x00007ffe8e8a0000 - 0x00007ffe8e8cd000 	C:\WINDOWS\SYSTEM32\dwmapi.dll
0x00007ffe8cf00000 - 0x00007ffe8d4c0000 	C:\WINDOWS\SYSTEM32\d2d1.dll
0x00007ffe8e7d0000 - 0x00007ffe8e869000 	C:\WINDOWS\system32\uxtheme.dll

VM Arguments:
jvm_args: -Xmx1536m -Dfile.encoding=windows-1252 -Duser.country=US -Duser.language=en -Duser.variant 
java_command: org.gradle.launcher.daemon.bootstrap.GradleDaemon 6.1.1
java_class_path (initial): C:\Users\GK\.gradle\wrapper\dists\gradle-6.1.1-all\cfmwm155h49vnt3hynmlrsdst\gradle-6.1.1\lib\gradle-launcher-6.1.1.jar
Launcher Type: SUN_STANDARD

Environment Variables:
PATH=C:\Program Files (x86)\Common Files\Oracle\Java\javapath;C:\ProgramData\Oracle\Java\javapath;C:\WINDOWS\system32;C:\WINDOWS;C:\WINDOWS\System32\Wbem;C:\WINDOWS\System32\WindowsPowerShell\v1.0\;C:\WINDOWS\System32\OpenSSH\;C:\Program Files (x86)\Brackets\command;C:\Program Files\MongoDB\Server\4.2\bin;C:\Program Files\Microsoft SQL Server\130\Tools\Binn\;C:\flutter\bin;C:\flutter\bin;C:\Program Files\Git\cmd;C:\Program Files\Java\jdk-14.0.1\bin;C:\Program Files\MySQL\MySQL Shell 8.0\bin\;C:\Users\GK\AppData\Local\Microsoft\WindowsApps;F:\flutter-master\flutter\bin;C:\flutter\bin;C:\Program Files\Java\jdk1.8.0_111\bin;
USERNAME=GK
OS=Windows_NT
PROCESSOR_IDENTIFIER=Intel64 Family 6 Model 61 Stepping 4, GenuineIntel



---------------  S Y S T E M  ---------------

OS: Windows 10.0 , 64 bit Build 18362 (10.0.18362.900)

CPU:total 4 (initial active 4) (2 cores per cpu, 2 threads per core) family 6 model 61 stepping 4, cmov, cx8, fxsr, mmx, sse, sse2, sse3, ssse3, sse4.1, sse4.2, popcnt, avx, avx2, aes, clmul, erms, 3dnowpref, lzcnt, ht, tsc, tscinvbit, bmi1, bmi2, adx

Memory: 4k page, physical 12480528k(1456096k free), swap 14528528k(4524k free)

vm_info: OpenJDK 64-Bit Server VM (25.242-b01) for windows-amd64 JRE (1.8.0_242-release-1644-b01), built by "builder" with MS VC++ 10.0 (VS2010)

time: Wed Jun 17 19:35:50 2020
timezone: Bangladesh Standard Time
elapsed time: 13737 seconds (0d 3h 48m 57s)

